<?xml version="1.0" encoding="UTF-8"?>
<!-- Generated by org.testng.reporters.JUnitReportReporter -->
<testsuite hostname="MSI" failures="0" tests="4" name="com.TestCases.IndexPageTest" time="1.714" errors="0" timestamp="2025-06-12T11:18:21 IST" skipped="0">
  <testcase classname="com.TestCases.IndexPageTest" name="validateCategories" time="0.061"/>
  <system-out/>
  <testcase classname="com.TestCases.IndexPageTest" name="validateAllProducts" time="0.496"/>
  <system-out/>
  <testcase classname="com.TestCases.IndexPageTest" name="addProductToCart" time="0.202"/>
  <system-out/>
  <testcase classname="com.TestCases.IndexPageTest" name="validateLaunchOfCartPage" time="0.955"/>
  <system-out/>
</testsuite> <!-- com.TestCases.IndexPageTest -->
