<?xml version="1.0" encoding="UTF-8"?>
<!-- Generated by org.testng.reporters.JUnitReportReporter -->
<testsuite hostname="LAPTOP-5KMFOFH9" failures="0" tests="2" name="com.TestCases.CartPageTest" time="2.552" errors="0" timestamp="2024-12-23T13:56:44 IST" skipped="0">
  <testcase classname="com.TestCases.CartPageTest" name="getProductDetails" time="1.321"/>
  <system-out/>
  <testcase classname="com.TestCases.CartPageTest" name="validateOrder" time="1.231"/>
  <system-out/>
</testsuite> <!-- com.TestCases.CartPageTest -->
